2025-05-29 17:24:03,452 - INFO - Folder is None and XML file is given, assuming the tiles are in the same folder as the xml
2025-05-29 17:24:03,456 - INFO - Using Crop Overlap
2025-05-29 17:24:03,479 - INFO - Found 812 tiles for experiment MP_Chao_250415-F1_cs_13.31.15
2025-05-29 17:24:37,490 - INFO - Tile size is: 1024
2025-05-29 17:24:37,491 - INFO - Actual size is: 922
2025-05-29 17:24:37,491 - INFO - Overlap Found in XML to be 102 px
2025-05-29 17:24:38,435 - INFO - Refining Overlap
2025-05-29 17:24:42,245 - INFO - Using An Overlap of 122 px
2025-05-29 17:24:42,245 - INFO - Substracting Background
2025-05-29 17:24:45,233 - INFO - Stitching Done!
2025-05-29 17:24:45,233 - INFO - Cropping Empty tiles
2025-05-29 17:24:46,356 - INFO - Final array size is: (26158, 25256)
2025-05-29 17:24:46,356 - INFO - Saving to ./data/output
2025-05-29 17:24:59,553 - INFO - Image axes YX
2025-05-29 17:24:59,553 - INFO - Image shape (26158, 25256)
2025-05-29 17:24:59,553 - INFO - Image dtype uint16
2025-05-29 17:24:59,553 - INFO - Metadata is {'axes': 'YX', 'SignificantBits': 16, 'PhysicalSizeX': np.float64(0.3), 'PhysicalSizeXUnit': 'um', 'PhysicalSizeY': np.float64(0.3), 'PhysicalSizeYUnit': 'um', 'PhysicalSizeZ': np.float64(5.15), 'PhysicalSizeZUnit': 'um', 'Description': 'Stitched multi-tile image with pyramidal levels'}
2025-05-29 17:25:30,465 - INFO - Folder is None and XML file is given, assuming the tiles are in the same folder as the xml
2025-05-29 17:25:30,468 - INFO - Using Crop Overlap
2025-05-29 17:25:30,497 - INFO - Found 812 tiles for experiment MP_Chao_250415-F1_cs_13.31.15
2025-05-29 17:25:47,972 - INFO - Tile size is: 1024
2025-05-29 17:25:47,972 - INFO - Actual size is: 922
2025-05-29 17:25:47,972 - INFO - Overlap Found in XML to be 102 px
2025-05-29 17:25:48,941 - INFO - Refining Overlap
2025-05-29 17:25:52,741 - INFO - Using An Overlap of 122 px
2025-05-29 17:25:52,741 - INFO - Substracting Background
2025-05-29 17:25:55,728 - INFO - Stitching Done!
2025-05-29 17:25:55,728 - INFO - Cropping Empty tiles
2025-05-29 17:25:56,860 - INFO - Final array size is: (26158, 25256)
2025-05-29 17:25:56,860 - INFO - Saving to ./data/output
2025-05-29 17:26:09,834 - INFO - Image axes YX
2025-05-29 17:26:09,834 - INFO - Image shape (26158, 25256)
2025-05-29 17:26:09,834 - INFO - Image dtype uint8
2025-05-29 17:26:09,834 - INFO - Metadata is {'axes': 'YX', 'SignificantBits': 16, 'PhysicalSizeX': np.float64(0.3), 'PhysicalSizeXUnit': 'um', 'PhysicalSizeY': np.float64(0.3), 'PhysicalSizeYUnit': 'um', 'PhysicalSizeZ': np.float64(5.15), 'PhysicalSizeZUnit': 'um', 'Description': 'Stitched multi-tile image with pyramidal levels'}
2025-05-29 17:28:27,770 - INFO - Folder is None and XML file is given, assuming the tiles are in the same folder as the xml
2025-05-29 17:28:27,775 - INFO - Using Crop Overlap
2025-05-29 17:28:27,795 - INFO - Found 812 tiles for experiment MP_Chao_250415-F1_cs_13.31.15
2025-05-29 17:28:49,869 - INFO - Tile size is: 1024
2025-05-29 17:28:49,870 - INFO - Actual size is: 922
2025-05-29 17:28:49,870 - INFO - Overlap Found in XML to be 102 px
2025-05-29 17:28:50,747 - INFO - Refining Overlap
2025-05-29 17:28:54,516 - INFO - Using An Overlap of 122 px
2025-05-29 17:28:54,516 - INFO - Substracting Background
2025-05-29 17:28:57,452 - INFO - Stitching Done!
2025-05-29 17:28:57,452 - INFO - Cropping Empty tiles
2025-05-29 17:28:58,576 - INFO - Final array size is: (26158, 25256)
2025-05-29 17:28:58,576 - INFO - Saving to ./data/output
2025-05-29 17:29:11,670 - INFO - Image axes YX
2025-05-29 17:29:11,670 - INFO - Image shape (26158, 25256)
2025-05-29 17:29:11,671 - INFO - Image dtype uint16
2025-05-29 17:29:11,671 - INFO - Metadata is {'axes': 'YX', 'SignificantBits': 16, 'PhysicalSizeX': np.float64(0.3), 'PhysicalSizeXUnit': 'um', 'PhysicalSizeY': np.float64(0.3), 'PhysicalSizeYUnit': 'um', 'PhysicalSizeZ': np.float64(5.15), 'PhysicalSizeZUnit': 'um', 'Description': 'Stitched multi-tile image with pyramidal levels'}
2025-05-29 17:29:23,908 - INFO - Folder is None and XML file is given, assuming the tiles are in the same folder as the xml
2025-05-29 17:29:23,912 - INFO - Using Crop Overlap
2025-05-29 17:29:23,927 - INFO - Found 812 tiles for experiment MP_Chao_250415-F1_cs_13.31.15
2025-05-29 17:29:39,660 - INFO - Tile size is: 1024
2025-05-29 17:29:39,660 - INFO - Actual size is: 922
2025-05-29 17:29:39,660 - INFO - Overlap Found in XML to be 102 px
2025-05-29 17:29:40,591 - INFO - Refining Overlap
2025-05-29 17:29:44,338 - INFO - Using An Overlap of 122 px
2025-05-29 17:29:44,338 - INFO - Substracting Background
2025-05-29 17:29:47,283 - INFO - Stitching Done!
2025-05-29 17:29:47,284 - INFO - Cropping Empty tiles
2025-05-29 17:29:48,407 - INFO - Final array size is: (26158, 25256)
2025-05-29 17:29:48,407 - INFO - Saving to ./data/output
2025-05-29 17:30:01,604 - INFO - Image axes YX
2025-05-29 17:30:01,605 - INFO - Image shape (26158, 25256)
2025-05-29 17:30:01,605 - INFO - Image dtype uint16
2025-05-29 17:30:01,605 - INFO - Metadata is {'axes': 'YX', 'SignificantBits': 16, 'PhysicalSizeX': np.float64(0.3), 'PhysicalSizeXUnit': 'um', 'PhysicalSizeY': np.float64(0.3), 'PhysicalSizeYUnit': 'um', 'PhysicalSizeZ': np.float64(5.15), 'PhysicalSizeZUnit': 'um', 'Description': 'Stitched multi-tile image with pyramidal levels'}
2025-05-29 17:30:04,542 - INFO - All Done Successfully!
2025-05-29 17:35:09,042 - INFO - Folder is None and XML file is given, assuming the tiles are in the same folder as the xml
2025-05-29 17:35:09,048 - INFO - Using Crop Overlap
2025-05-29 17:35:09,098 - INFO - Found 812 tiles for experiment MP_Chao_250415-F1_cs_13.31.15
2025-05-29 17:35:43,544 - INFO - Tile size is: 1024
2025-05-29 17:35:43,545 - INFO - Actual size is: 922
2025-05-29 17:35:43,545 - INFO - Overlap Found in XML to be 102 px
2025-05-29 17:35:44,473 - INFO - Refining Overlap
2025-05-29 17:35:48,237 - INFO - Using An Overlap of 122 px
2025-05-29 17:35:48,237 - INFO - Substracting Background
2025-05-29 17:35:51,179 - INFO - Stitching Done!
2025-05-29 17:35:51,179 - INFO - Cropping Empty tiles
2025-05-29 17:35:52,305 - INFO - Final array size is: (26158, 25256)
2025-05-29 17:35:52,305 - INFO - Saving to ./data/output
2025-05-29 17:36:05,301 - INFO - Image axes YX
2025-05-29 17:36:05,301 - INFO - Image shape (26158, 25256)
2025-05-29 17:36:05,302 - INFO - Image dtype uint8
2025-05-29 17:36:05,302 - INFO - Metadata is {'axes': 'YX', 'SignificantBits': 16, 'PhysicalSizeX': np.float64(0.3), 'PhysicalSizeXUnit': 'um', 'PhysicalSizeY': np.float64(0.3), 'PhysicalSizeYUnit': 'um', 'PhysicalSizeZ': np.float64(5.15), 'PhysicalSizeZUnit': 'um', 'Description': 'Stitched multi-tile image with pyramidal levels'}
2025-05-29 17:36:17,122 - INFO - All Done Successfully!
2025-05-29 17:39:44,995 - INFO - Folder is None and XML file is given, assuming the tiles are in the same folder as the xml
2025-05-29 17:39:45,000 - INFO - Using Crop Overlap
2025-05-29 17:39:45,022 - INFO - Found 812 tiles for experiment MP_Chao_250415-F1_cs_13.31.15
2025-05-29 17:40:15,289 - INFO - Tile size is: 1024
2025-05-29 17:40:15,290 - INFO - Actual size is: 922
2025-05-29 17:40:15,290 - INFO - Overlap Found in XML to be 102 px
2025-05-29 17:40:16,217 - INFO - Refining Overlap
2025-05-29 17:40:19,957 - INFO - Using An Overlap of 122 px
2025-05-29 17:40:19,957 - INFO - Substracting Background
2025-05-29 17:40:22,883 - INFO - Stitching Done!
2025-05-29 17:40:22,883 - INFO - Cropping Empty tiles
2025-05-29 17:40:24,007 - INFO - Final array size is: (26158, 25256)
2025-05-29 17:40:24,007 - INFO - Saving to ./data/output
2025-05-29 17:40:37,044 - INFO - Image axes YX
2025-05-29 17:40:37,044 - INFO - Image shape (26158, 25256)
2025-05-29 17:40:37,044 - INFO - Image dtype uint16
2025-05-29 17:40:37,044 - INFO - Metadata is {'axes': 'YX', 'SignificantBits': 16, 'PhysicalSizeX': np.float64(0.3), 'PhysicalSizeXUnit': 'um', 'PhysicalSizeY': np.float64(0.3), 'PhysicalSizeYUnit': 'um', 'PhysicalSizeZ': np.float64(5.15), 'PhysicalSizeZUnit': 'um', 'Description': 'Stitched multi-tile image with pyramidal levels'}
2025-05-29 17:40:44,703 - INFO - All Done Successfully!
2025-05-29 17:42:13,009 - INFO - Folder is None and XML file is given, assuming the tiles are in the same folder as the xml
2025-05-29 17:42:13,015 - INFO - Using Crop Overlap
2025-05-29 17:42:13,049 - INFO - Found 812 tiles for experiment MP_Chao_250415-F1_cs_13.31.15
2025-05-29 17:42:34,287 - INFO - Tile size is: 1024
2025-05-29 17:42:34,288 - INFO - Actual size is: 922
2025-05-29 17:42:34,288 - INFO - Overlap Found in XML to be 102 px
2025-05-29 17:42:35,182 - INFO - Refining Overlap
2025-05-29 17:42:38,978 - INFO - Using An Overlap of 122 px
2025-05-29 17:42:38,978 - INFO - Substracting Background
2025-05-29 17:42:41,976 - INFO - Stitching Done!
2025-05-29 17:42:41,976 - INFO - Cropping Empty tiles
2025-05-29 17:42:43,104 - INFO - Final array size is: (26158, 25256)
2025-05-29 17:42:43,104 - INFO - Saving to ./data/output
2025-05-29 17:42:56,282 - INFO - Image axes YX
2025-05-29 17:42:56,282 - INFO - Image shape (26158, 25256)
2025-05-29 17:42:56,282 - INFO - Image dtype uint16
2025-05-29 17:42:56,282 - INFO - Metadata is {'axes': 'YX', 'SignificantBits': 16, 'PhysicalSizeX': np.float64(0.3), 'PhysicalSizeXUnit': 'um', 'PhysicalSizeY': np.float64(0.3), 'PhysicalSizeYUnit': 'um', 'PhysicalSizeZ': np.float64(5.15), 'PhysicalSizeZUnit': 'um', 'Description': 'Stitched multi-tile image with pyramidal levels'}
2025-05-29 17:43:04,191 - INFO - All Done Successfully!
2025-05-29 17:48:17,219 - INFO - Folder is None and XML file is given, assuming the tiles are in the same folder as the xml
2025-05-29 17:48:17,224 - INFO - Using Crop Overlap
2025-05-29 17:48:17,234 - INFO - Found 812 tiles for experiment MP_Chao_250415-F1_cs_13.31.15
2025-05-29 17:48:51,359 - INFO - Tile size is: 1024
2025-05-29 17:48:51,360 - INFO - Actual size is: 922
2025-05-29 17:48:51,360 - INFO - Overlap Found in XML to be 102 px
2025-05-29 17:48:52,288 - INFO - Refining Overlap
2025-05-29 17:48:56,098 - INFO - Using An Overlap of 122 px
2025-05-29 17:48:56,098 - INFO - Substracting Background
2025-05-29 17:48:59,079 - INFO - Stitching Done!
2025-05-29 17:48:59,079 - INFO - Cropping Empty tiles
2025-05-29 17:49:00,205 - INFO - Final array size is: (26158, 25256)
2025-05-29 17:49:00,205 - INFO - Saving to ./data/output
2025-05-29 17:49:13,339 - INFO - Image axes YX
2025-05-29 17:49:13,339 - INFO - Image shape (26158, 25256)
2025-05-29 17:49:13,339 - INFO - Image dtype uint16
2025-05-29 17:49:13,339 - INFO - Metadata is {'axes': 'YX', 'SignificantBits': 16, 'PhysicalSizeX': np.float64(0.3), 'PhysicalSizeXUnit': 'um', 'PhysicalSizeY': np.float64(0.3), 'PhysicalSizeYUnit': 'um', 'PhysicalSizeZ': np.float64(5.15), 'PhysicalSizeZUnit': 'um', 'Description': 'Stitched multi-tile image with pyramidal levels'}
2025-05-29 17:49:32,579 - INFO - Folder is None and XML file is given, assuming the tiles are in the same folder as the xml
2025-05-29 17:49:32,583 - INFO - Using Crop Overlap
2025-05-29 17:49:32,601 - INFO - Found 812 tiles for experiment MP_Chao_250415-F1_cs_13.31.15
2025-05-29 17:49:46,733 - INFO - Tile size is: 1024
2025-05-29 17:49:46,733 - INFO - Actual size is: 922
2025-05-29 17:49:46,733 - INFO - Overlap Found in XML to be 102 px
2025-05-29 17:49:47,633 - INFO - Refining Overlap
2025-05-29 17:49:51,443 - INFO - Using An Overlap of 122 px
2025-05-29 17:49:51,443 - INFO - Substracting Background
2025-05-29 17:49:54,396 - INFO - Stitching Done!
2025-05-29 17:49:54,396 - INFO - Cropping Empty tiles
2025-05-29 17:49:55,524 - INFO - Final array size is: (26158, 25256)
2025-05-29 17:49:55,524 - INFO - Saving to ./data/output
2025-05-29 17:50:08,625 - INFO - Image axes YX
2025-05-29 17:50:08,625 - INFO - Image shape (26158, 25256)
2025-05-29 17:50:08,625 - INFO - Image dtype uint16
2025-05-29 17:50:08,625 - INFO - Metadata is {'axes': 'YX', 'SignificantBits': 16, 'PhysicalSizeX': np.float64(0.3), 'PhysicalSizeXUnit': 'um', 'PhysicalSizeY': np.float64(0.3), 'PhysicalSizeYUnit': 'um', 'PhysicalSizeZ': np.float64(5.15), 'PhysicalSizeZUnit': 'um', 'Description': 'Stitched multi-tile image with pyramidal levels'}
2025-05-29 17:50:29,618 - INFO - All Done Successfully!
2025-05-29 17:56:44,716 - INFO - Folder is None and XML file is given, assuming the tiles are in the same folder as the xml
2025-05-29 17:56:44,721 - INFO - Using Crop Overlap
2025-05-29 17:56:44,761 - INFO - Found 812 tiles for experiment MP_Chao_250415-F1_cs_13.31.15
2025-05-29 17:57:22,041 - INFO - Tile size is: 1024
2025-05-29 17:57:22,042 - INFO - Actual size is: 922
2025-05-29 17:57:22,042 - INFO - Overlap Found in XML to be 102 px
2025-05-29 17:57:22,964 - INFO - Refining Overlap
2025-05-29 17:57:26,704 - INFO - Using An Overlap of 122 px
2025-05-29 17:57:26,704 - INFO - Substracting Background
2025-05-29 17:57:29,634 - INFO - Stitching Done!
2025-05-29 17:57:29,634 - INFO - Cropping Empty tiles
2025-05-29 17:57:30,780 - INFO - Final array size is: (26158, 25256)
2025-05-29 17:57:30,780 - INFO - Saving to ./data/output
2025-05-29 17:57:43,860 - INFO - Image axes YX
2025-05-29 17:57:43,860 - INFO - Image shape (26158, 25256)
2025-05-29 17:57:43,860 - INFO - Image dtype uint16
2025-05-29 17:57:43,860 - INFO - Metadata is {'axes': 'YX', 'SignificantBits': 16, 'PhysicalSizeX': np.float64(0.3), 'PhysicalSizeXUnit': 'um', 'PhysicalSizeY': np.float64(0.3), 'PhysicalSizeYUnit': 'um', 'PhysicalSizeZ': np.float64(5.15), 'PhysicalSizeZUnit': 'um', 'Description': 'Stitched multi-tile image with pyramidal levels'}
2025-05-29 17:58:02,878 - INFO - All Done Successfully!
2025-05-29 18:09:57,168 - INFO - Folder is None and XML file is given, assuming the tiles are in the same folder as the xml
2025-05-29 18:09:57,174 - INFO - Using Crop Overlap
2025-05-29 18:09:57,217 - INFO - Found 812 tiles for experiment MP_Chao_250415-F1_cs_13.31.15
2025-05-29 18:10:44,966 - INFO - Tile size is: 1024
2025-05-29 18:10:44,967 - INFO - Actual size is: 922
2025-05-29 18:10:44,967 - INFO - Overlap Found in XML to be 102 px
2025-05-29 18:10:45,970 - INFO - Refining Overlap
2025-05-29 18:10:49,781 - INFO - Using An Overlap of 122 px
2025-05-29 18:10:49,781 - INFO - Substracting Background
2025-05-29 18:10:52,776 - INFO - Stitching Done!
2025-05-29 18:10:52,776 - INFO - Cropping Empty tiles
2025-05-29 18:10:53,923 - INFO - Final array size is: (26158, 25256)
2025-05-29 18:10:53,924 - INFO - Saving to ./data/output
2025-05-29 18:11:07,176 - INFO - 4004
2025-05-29 18:11:07,177 - INFO - (26158, 25256)
2025-05-29 18:11:07,177 - INFO - Image axes YX
2025-05-29 18:11:07,177 - INFO - Image shape (26158, 25256)
2025-05-29 18:11:07,177 - INFO - Image dtype uint16
2025-05-29 18:11:07,177 - INFO - Metadata is {'axes': 'YX', 'SignificantBits': 16, 'PhysicalSizeX': np.float64(0.3), 'PhysicalSizeXUnit': 'um', 'PhysicalSizeY': np.float64(0.3), 'PhysicalSizeYUnit': 'um', 'PhysicalSizeZ': np.float64(5.15), 'PhysicalSizeZUnit': 'um', 'Description': 'Stitched multi-tile image with pyramidal levels', 'MapAnnotation': {'Namespace': 'openmicroscopy.org/PyramidResolution', '1': '13079 12628', '2': '6539 6314'}}
2025-05-29 18:11:26,389 - INFO - All Done Successfully!
2025-05-29 18:28:17,060 - INFO - Folder is None and XML file is given, assuming the tiles are in the same folder as the xml
2025-05-29 18:28:17,078 - INFO - Using Crop Overlap
2025-05-29 18:28:17,112 - INFO - Found 812 tiles for experiment MP_Chao_250415-F1_cs_13.31.15
2025-05-29 18:29:13,292 - INFO - Tile size is: 1024
2025-05-29 18:29:13,293 - INFO - Actual size is: 922
2025-05-29 18:29:13,294 - INFO - Overlap Found in XML to be 102 px
2025-05-29 18:29:14,285 - INFO - Refining Overlap
2025-05-29 18:29:18,361 - INFO - Using An Overlap of 122 px
2025-05-29 18:29:18,361 - INFO - Substracting Background
2025-05-29 18:29:21,470 - INFO - Stitching Done!
2025-05-29 18:29:21,470 - INFO - Cropping Empty tiles
2025-05-29 18:29:22,696 - INFO - Final array size is: (26158, 25256)
2025-05-29 18:29:22,696 - INFO - Saving to ./data/output
2025-05-29 18:29:36,310 - INFO - 4004
2025-05-29 18:29:36,310 - INFO - (26158, 25256)
2025-05-29 18:29:36,310 - INFO - Image axes YX
2025-05-29 18:29:36,310 - INFO - Image shape (26158, 25256)
2025-05-29 18:29:36,310 - INFO - Image dtype uint16
2025-05-29 18:29:36,310 - INFO - Metadata is {'axes': 'YX', 'SignificantBits': 16, 'PhysicalSizeX': np.float64(0.3), 'PhysicalSizeXUnit': 'um', 'PhysicalSizeY': np.float64(0.3), 'PhysicalSizeYUnit': 'um', 'PhysicalSizeZ': np.float64(5.15), 'PhysicalSizeZUnit': 'um', 'Description': 'Stitched multi-tile image with pyramidal levels', 'MapAnnotation': {'Namespace': 'openmicroscopy.org/PyramidResolution', '1': '13079 12628', '2': '6539 6314'}}
2025-05-29 18:29:46,941 - INFO - All Done Successfully!
2025-05-29 18:41:47,705 - INFO - Folder is None and XML file is given, assuming the tiles are in the same folder as the xml
2025-05-29 18:41:47,710 - INFO - Using Crop Overlap
2025-05-29 18:41:47,749 - INFO - Found 812 tiles for experiment MP_Chao_250415-F1_cs_13.31.15
2025-05-29 18:42:33,274 - INFO - Tile size is: 1024
2025-05-29 18:42:33,275 - INFO - Actual size is: 922
2025-05-29 18:42:33,275 - INFO - Overlap Found in XML to be 102 px
2025-05-29 18:42:34,292 - INFO - Refining Overlap
2025-05-29 18:42:38,362 - INFO - Using An Overlap of 122 px
2025-05-29 18:42:38,362 - INFO - Substracting Background
2025-05-29 18:42:41,467 - INFO - Stitching Done!
2025-05-29 18:42:41,468 - INFO - Cropping Empty tiles
2025-05-29 18:42:42,686 - INFO - Final array size is: (26158, 25256)
2025-05-29 18:42:42,686 - INFO - Saving to ./data/output
2025-05-29 18:42:56,287 - INFO - 4004
2025-05-29 18:42:56,288 - INFO - (26158, 25256)
2025-05-29 18:42:56,288 - INFO - Image axes YX
2025-05-29 18:42:56,288 - INFO - Image shape (26158, 25256)
2025-05-29 18:42:56,288 - INFO - Image dtype uint16
2025-05-29 18:42:56,288 - INFO - Metadata is {'axes': 'YX', 'SignificantBits': 16, 'PhysicalSizeX': np.float64(0.3), 'PhysicalSizeXUnit': 'um', 'PhysicalSizeY': np.float64(0.3), 'PhysicalSizeYUnit': 'um', 'PhysicalSizeZ': np.float64(5.15), 'PhysicalSizeZUnit': 'um', 'Description': 'Stitched multi-tile image with pyramidal levels', 'MapAnnotation': {'Namespace': 'openmicroscopy.org/PyramidResolution', '1': '13079 12628', '2': '6539 6314'}}
2025-05-29 18:43:52,199 - INFO - Folder is None and XML file is given, assuming the tiles are in the same folder as the xml
2025-05-29 18:43:52,203 - INFO - Using Crop Overlap
2025-05-29 18:43:52,216 - INFO - Found 812 tiles for experiment MP_Chao_250415-F1_cs_13.31.15
2025-05-29 18:44:06,149 - INFO - Tile size is: 1024
2025-05-29 18:44:06,150 - INFO - Actual size is: 922
2025-05-29 18:44:06,150 - INFO - Overlap Found in XML to be 102 px
2025-05-29 18:44:07,070 - INFO - Refining Overlap
2025-05-29 18:44:11,112 - INFO - Using An Overlap of 122 px
2025-05-29 18:44:11,112 - INFO - Substracting Background
2025-05-29 18:44:14,222 - INFO - Stitching Done!
2025-05-29 18:44:14,222 - INFO - Cropping Empty tiles
2025-05-29 18:44:15,440 - INFO - Final array size is: (26158, 25256)
2025-05-29 18:44:15,440 - INFO - Saving to ./data/output
2025-05-29 18:44:28,970 - INFO - 4004
2025-05-29 18:44:28,970 - INFO - (26158, 25256)
2025-05-29 18:44:28,970 - INFO - Image axes YX
2025-05-29 18:44:28,970 - INFO - Image shape (26158, 25256)
2025-05-29 18:44:28,971 - INFO - Image dtype uint16
2025-05-29 18:44:28,971 - INFO - Metadata is {'axes': 'YX', 'SignificantBits': 16, 'PhysicalSizeX': np.float64(0.3), 'PhysicalSizeXUnit': 'um', 'PhysicalSizeY': np.float64(0.3), 'PhysicalSizeYUnit': 'um', 'PhysicalSizeZ': np.float64(5.15), 'PhysicalSizeZUnit': 'um', 'Description': 'Stitched multi-tile image with pyramidal levels', 'MapAnnotation': {'Namespace': 'openmicroscopy.org/PyramidResolution', '1': '13079 12628', '2': '6539 6314'}}
2025-05-29 18:45:21,542 - INFO - Folder is None and XML file is given, assuming the tiles are in the same folder as the xml
2025-05-29 18:45:21,546 - INFO - Using Crop Overlap
2025-05-29 18:45:21,560 - INFO - Found 812 tiles for experiment MP_Chao_250415-F1_cs_13.31.15
2025-05-29 18:45:35,725 - INFO - Tile size is: 1024
2025-05-29 18:45:35,726 - INFO - Actual size is: 922
2025-05-29 18:45:35,726 - INFO - Overlap Found in XML to be 102 px
2025-05-29 18:45:36,645 - INFO - Refining Overlap
2025-05-29 18:45:40,726 - INFO - Using An Overlap of 122 px
2025-05-29 18:45:40,726 - INFO - Substracting Background
2025-05-29 18:45:43,855 - INFO - Stitching Done!
2025-05-29 18:45:43,856 - INFO - Cropping Empty tiles
2025-05-29 18:45:45,105 - INFO - Final array size is: (26158, 25256)
2025-05-29 18:45:45,105 - INFO - Saving to ./data/output
2025-05-29 18:45:58,634 - INFO - 4004
2025-05-29 18:45:58,635 - INFO - (26158, 25256)
2025-05-29 18:45:58,635 - INFO - Image axes YX
2025-05-29 18:45:58,635 - INFO - Image shape (26158, 25256)
2025-05-29 18:45:58,635 - INFO - Image dtype uint16
2025-05-29 18:45:58,635 - INFO - Metadata is {'axes': 'YX', 'SignificantBits': 16, 'PhysicalSizeX': np.float64(0.3), 'PhysicalSizeXUnit': 'um', 'PhysicalSizeY': np.float64(0.3), 'PhysicalSizeYUnit': 'um', 'PhysicalSizeZ': np.float64(5.15), 'PhysicalSizeZUnit': 'um', 'Description': 'Stitched multi-tile image with pyramidal levels', 'MapAnnotation': {'Namespace': 'openmicroscopy.org/PyramidResolution', '1': '13079 12628', '2': '6539 6314'}}
2025-05-29 18:46:09,543 - INFO - All Done Successfully!
2025-05-29 18:46:20,352 - INFO - Folder is None and XML file is given, assuming the tiles are in the same folder as the xml
2025-05-29 18:46:20,357 - INFO - Using Crop Overlap
2025-05-29 18:46:20,368 - INFO - Found 812 tiles for experiment MP_Chao_250415-F1_cs_13.31.15
2025-05-29 18:46:36,921 - INFO - Tile size is: 1024
2025-05-29 18:46:36,922 - INFO - Actual size is: 922
2025-05-29 18:46:36,922 - INFO - Overlap Found in XML to be 102 px
2025-05-29 18:46:37,889 - INFO - Refining Overlap
2025-05-29 18:46:41,952 - INFO - Using An Overlap of 122 px
2025-05-29 18:46:41,952 - INFO - Substracting Background
2025-05-29 18:46:45,099 - INFO - Stitching Done!
2025-05-29 18:46:45,100 - INFO - Cropping Empty tiles
2025-05-29 18:46:46,366 - INFO - Final array size is: (26158, 25256)
2025-05-29 18:46:46,366 - INFO - Saving to ./data/output
2025-05-29 18:46:59,896 - INFO - 4004
2025-05-29 18:46:59,896 - INFO - (26158, 25256)
2025-05-29 18:46:59,896 - INFO - Image axes YX
2025-05-29 18:46:59,896 - INFO - Image shape (26158, 25256)
2025-05-29 18:46:59,896 - INFO - Image dtype uint16
2025-05-29 18:46:59,896 - INFO - Metadata is {'axes': 'YX', 'SignificantBits': 16, 'PhysicalSizeX': np.float64(0.3), 'PhysicalSizeXUnit': 'um', 'PhysicalSizeY': np.float64(0.3), 'PhysicalSizeYUnit': 'um', 'PhysicalSizeZ': np.float64(5.15), 'PhysicalSizeZUnit': 'um', 'Description': 'Stitched multi-tile image with pyramidal levels', 'MapAnnotation': {'Namespace': 'openmicroscopy.org/PyramidResolution', '1': '13079 12628', '2': '6539 6314'}}
2025-05-29 18:47:10,553 - INFO - All Done Successfully!
2025-05-29 18:56:01,892 - INFO - Folder is None and XML file is given, assuming the tiles are in the same folder as the xml
2025-05-29 18:56:01,897 - INFO - Using Crop Overlap
2025-05-29 18:56:01,922 - INFO - Found 812 tiles for experiment MP_Chao_250415-F1_cs_13.31.15
2025-05-29 18:56:39,647 - INFO - Tile size is: 1024
2025-05-29 18:56:39,648 - INFO - Actual size is: 922
2025-05-29 18:56:39,648 - INFO - Overlap Found in XML to be 102 px
2025-05-29 18:56:40,684 - INFO - Refining Overlap
2025-05-29 18:56:45,440 - INFO - Using An Overlap of 122 px
2025-05-29 18:56:45,440 - INFO - Substracting Background
2025-05-29 18:56:48,523 - INFO - Stitching Done!
2025-05-29 18:56:48,523 - INFO - Cropping Empty tiles
2025-05-29 18:56:49,770 - INFO - Final array size is: (26158, 25256)
2025-05-29 18:56:49,770 - INFO - Saving to ./data/output
2025-05-29 18:57:03,277 - INFO - 4004
2025-05-29 18:57:03,278 - INFO - (26158, 25256)
2025-05-29 18:57:03,278 - INFO - Image axes YX
2025-05-29 18:57:03,278 - INFO - Image shape (26158, 25256)
2025-05-29 18:57:03,278 - INFO - Image dtype uint16
2025-05-29 18:57:15,005 - INFO - Folder is None and XML file is given, assuming the tiles are in the same folder as the xml
2025-05-29 18:57:15,010 - INFO - Using Crop Overlap
2025-05-29 18:57:15,026 - INFO - Found 812 tiles for experiment MP_Chao_250415-F1_cs_13.31.15
2025-05-29 18:57:32,276 - INFO - Tile size is: 1024
2025-05-29 18:57:32,277 - INFO - Actual size is: 922
2025-05-29 18:57:32,277 - INFO - Overlap Found in XML to be 102 px
2025-05-29 18:57:33,119 - INFO - Refining Overlap
2025-05-29 18:57:37,093 - INFO - Using An Overlap of 122 px
2025-05-29 18:57:37,093 - INFO - Substracting Background
2025-05-29 18:57:40,155 - INFO - Stitching Done!
2025-05-29 18:57:40,155 - INFO - Cropping Empty tiles
2025-05-29 18:57:41,351 - INFO - Final array size is: (26158, 25256)
2025-05-29 18:57:41,352 - INFO - Saving to ./data/output
2025-05-29 18:57:54,785 - INFO - 4004
2025-05-29 18:57:54,785 - INFO - (26158, 25256)
2025-05-29 18:57:54,785 - INFO - Image axes YX
2025-05-29 18:57:54,785 - INFO - Image shape (26158, 25256)
2025-05-29 18:57:54,785 - INFO - Image dtype uint16
2025-05-29 18:57:54,785 - INFO - Metadata is {'axes': 'YX', 'SignificantBits': 16, 'PhysicalSizeX': np.float64(0.3), 'PhysicalSizeXUnit': 'um', 'PhysicalSizeY': np.float64(0.3), 'PhysicalSizeYUnit': 'um', 'PhysicalSizeZ': np.float64(5.15), 'PhysicalSizeZUnit': 'um', 'Description': 'Stitched multi-tile image with pyramidal levels', 'MapAnnotation': {'Namespace': 'openmicroscopy.org/PyramidResolution', '1': '13079 12628', '2': '6539 6314'}}
2025-05-29 18:58:05,317 - INFO - All Done Successfully!
2025-05-29 19:01:15,143 - INFO - Folder is None and XML file is given, assuming the tiles are in the same folder as the xml
2025-05-29 19:01:15,147 - INFO - Using Crop Overlap
2025-05-29 19:01:15,170 - INFO - Found 812 tiles for experiment MP_Chao_250415-F1_cs_13.31.15
2025-05-29 19:01:46,161 - INFO - Tile size is: 1024
2025-05-29 19:01:46,162 - INFO - Actual size is: 922
2025-05-29 19:01:46,162 - INFO - Overlap Found in XML to be 102 px
2025-05-29 19:01:47,052 - INFO - Refining Overlap
2025-05-29 19:01:50,875 - INFO - Using An Overlap of 122 px
2025-05-29 19:01:50,875 - INFO - Substracting Background
2025-05-29 19:01:53,853 - INFO - Stitching Done!
2025-05-29 19:01:53,853 - INFO - Cropping Empty tiles
2025-05-29 19:01:54,992 - INFO - Final array size is: (26158, 25256)
2025-05-29 19:01:54,992 - INFO - Saving to ./data/output
2025-05-29 19:02:08,305 - INFO - 4004
2025-05-29 19:02:08,305 - INFO - (26158, 25256)
2025-05-29 19:02:08,305 - INFO - Image axes YX
2025-05-29 19:02:08,305 - INFO - Image shape (26158, 25256)
2025-05-29 19:02:08,305 - INFO - Image dtype uint16
2025-05-29 19:02:08,305 - INFO - Metadata is {'axes': 'YX', 'SignificantBits': 16, 'PhysicalSizeX': np.float64(0.3), 'PhysicalSizeXUnit': 'um', 'PhysicalSizeY': np.float64(0.3), 'PhysicalSizeYUnit': 'um', 'PhysicalSizeZ': np.float64(5.15), 'PhysicalSizeZUnit': 'um', 'Description': 'Stitched multi-tile image with pyramidal levels', 'MapAnnotation': {'Namespace': 'openmicroscopy.org/PyramidResolution', '1': '13079 12628', '2': '6539 6314'}}
2025-05-29 19:02:18,716 - INFO - All Done Successfully!
